["2024-04-23T15:25:03.361", "DEBUG", "ubuntupro.config", "parse_config", 633, "Using client configuration file at /etc/ubuntu-advantage/uaclient.conf", {}]
["2024-04-23T15:25:03.362", "DEBUG", "ubuntupro.system", "load_file", 517, "Reading file: /etc/ubuntu-advantage/uaclient.conf", {}]
["2024-04-23T15:25:03.363", "DEBUG", "ubuntupro.files.files", "read", 60, "Tried to load /var/lib/ubuntu-advantage/user-config.json but file does not exist", {}]
["2024-04-23T15:25:03.368", "DEBUG", "ubuntupro.http", "configure_web_proxy", 146, "Setting no_proxy: 169.254.169.254,[fd00:ec2::254],metadata", {}]
["2024-04-23T15:25:03.368", "DEBUG", "ubuntupro.http", "configure_web_proxy", 154, "Setting global proxy dict", {}]
["2024-04-23T15:25:03.368", "DEBUG", "ubuntupro.cli", "main", 1821, "Executed with sys.argv: ['/usr/bin/pro', 'security-status', '--format=json']", {}]
["2024-04-23T15:25:03.369", "DEBUG", "ubuntupro.files.files", "read", 60, "Tried to load /var/lib/ubuntu-advantage/machine-token.json but file does not exist", {}]
["2024-04-23T15:25:03.681", "DEBUG", "ubuntupro.system", "load_file", 517, "Reading file: /etc/os-release", {}]
["2024-04-23T15:25:03.691", "DEBUG", "ubuntupro.livepatch", "status", 126, "canonical-livepatch is not installed", {}]
["2024-04-23T15:25:03.691", "DEBUG", "ubuntupro.livepatch", "status", 126, "canonical-livepatch is not installed", {}]
["2024-04-23T15:25:03.691", "DEBUG", "ubuntupro.system", "load_file", 517, "Reading file: /proc/version_signature", {}]
["2024-04-23T15:25:03.697", "WARNING", "ubuntupro.system", "_get_kernel_build_date", 131, "Unable to parse build date from uname version", {}]
["2024-04-23T15:25:03.704", "WARNING", "ubuntupro.system", "_get_kernel_changelog_timestamp", 104, "Falling back to using timestamp of kernel changelog", {}]
["2024-05-07T13:09:20.285", "DEBUG", "ubuntupro.config", "parse_config", 633, "Using client configuration file at /etc/ubuntu-advantage/uaclient.conf", {}]
["2024-05-07T13:09:20.287", "DEBUG", "ubuntupro.system", "load_file", 517, "Reading file: /etc/ubuntu-advantage/uaclient.conf", {}]
["2024-05-07T13:09:20.288", "DEBUG", "ubuntupro.files.files", "read", 60, "Tried to load /var/lib/ubuntu-advantage/user-config.json but file does not exist", {}]
["2024-05-07T13:09:20.297", "DEBUG", "ubuntupro.http", "configure_web_proxy", 146, "Setting no_proxy: 169.254.169.254,[fd00:ec2::254],metadata", {}]
["2024-05-07T13:09:20.297", "DEBUG", "ubuntupro.http", "configure_web_proxy", 154, "Setting global proxy dict", {}]
["2024-05-07T13:09:20.297", "DEBUG", "ubuntupro.cli", "main", 1821, "Executed with sys.argv: ['/usr/bin/pro', 'security-status', '--format=json']", {}]
["2024-05-07T13:09:20.297", "DEBUG", "ubuntupro.files.files", "read", 60, "Tried to load /var/lib/ubuntu-advantage/machine-token.json but file does not exist", {}]
["2024-05-07T13:09:20.722", "DEBUG", "ubuntupro.system", "load_file", 517, "Reading file: /etc/os-release", {}]
["2024-05-07T13:09:20.732", "DEBUG", "ubuntupro.livepatch", "status", 126, "canonical-livepatch is not installed", {}]
["2024-05-07T13:09:20.732", "DEBUG", "ubuntupro.livepatch", "status", 126, "canonical-livepatch is not installed", {}]
["2024-05-07T13:09:20.733", "DEBUG", "ubuntupro.system", "load_file", 517, "Reading file: /proc/version_signature", {}]
["2024-05-07T13:09:20.746", "WARNING", "ubuntupro.system", "_get_kernel_build_date", 131, "Unable to parse build date from uname version", {}]
["2024-05-07T13:09:20.759", "WARNING", "ubuntupro.system", "_get_kernel_changelog_timestamp", 104, "Falling back to using timestamp of kernel changelog", {}]
["2024-05-07T13:15:44.215", "DEBUG", "ubuntupro.config", "parse_config", 625, "Using client configuration file at /etc/ubuntu-advantage/uaclient.conf", {}]
["2024-05-07T13:15:44.217", "DEBUG", "ubuntupro.system", "load_file", 517, "Reading file: /etc/ubuntu-advantage/uaclient.conf", {}]
["2024-05-07T13:15:44.232", "DEBUG", "ubuntupro.files.files", "read", 60, "Tried to load /var/lib/ubuntu-advantage/user-config.json but file does not exist", {}]
["2024-05-07T13:15:44.239", "DEBUG", "ubuntupro.http", "configure_web_proxy", 146, "Setting no_proxy: 169.254.169.254,[fd00:ec2::254],metadata", {}]
["2024-05-07T13:15:44.239", "DEBUG", "ubuntupro.http", "configure_web_proxy", 154, "Setting global proxy dict", {}]
["2024-05-07T13:15:44.239", "DEBUG", "ubuntupro.cli", "main", 1825, "Executed with sys.argv: ['/usr/bin/pro', 'security-status', '--format=json']", {}]
["2024-05-07T13:15:44.239", "DEBUG", "ubuntupro.files.files", "read", 60, "Tried to load /var/lib/ubuntu-advantage/machine-token.json but file does not exist", {}]
["2024-05-07T13:15:44.484", "DEBUG", "ubuntupro.system", "load_file", 517, "Reading file: /etc/os-release", {}]
["2024-05-07T13:15:44.493", "DEBUG", "ubuntupro.system", "load_file", 517, "Reading file: /var/run/reboot-required.pkgs", {}]
["2024-05-07T13:15:44.494", "DEBUG", "ubuntupro.system", "load_file", 517, "Reading file: /var/run/reboot-required.pkgs", {}]
["2024-05-07T13:15:44.494", "DEBUG", "ubuntupro.livepatch", "status", 126, "canonical-livepatch is not installed", {}]
["2024-05-07T13:15:44.494", "DEBUG", "ubuntupro.livepatch", "status", 126, "canonical-livepatch is not installed", {}]
["2024-05-07T13:15:44.494", "DEBUG", "ubuntupro.system", "load_file", 517, "Reading file: /proc/version_signature", {}]
["2024-05-07T13:15:44.495", "WARNING", "ubuntupro.system", "_get_kernel_build_date", 131, "Unable to parse build date from uname version", {}]
["2024-05-07T13:15:44.516", "WARNING", "ubuntupro.system", "_get_kernel_changelog_timestamp", 104, "Falling back to using timestamp of kernel changelog", {}]
["2024-05-14T13:12:58.328", "DEBUG", "ubuntupro.config", "parse_config", 625, "Using client configuration file at /etc/ubuntu-advantage/uaclient.conf", {}]
["2024-05-14T13:12:58.337", "DEBUG", "ubuntupro.system", "load_file", 517, "Reading file: /etc/ubuntu-advantage/uaclient.conf", {}]
["2024-05-14T13:12:58.338", "DEBUG", "ubuntupro.files.files", "read", 60, "Tried to load /var/lib/ubuntu-advantage/user-config.json but file does not exist", {}]
["2024-05-14T13:12:58.360", "DEBUG", "ubuntupro.http", "configure_web_proxy", 146, "Setting no_proxy: 169.254.169.254,[fd00:ec2::254],metadata", {}]
["2024-05-14T13:12:58.361", "DEBUG", "ubuntupro.http", "configure_web_proxy", 154, "Setting global proxy dict", {}]
["2024-05-14T13:12:58.361", "DEBUG", "ubuntupro.cli", "main", 1825, "Executed with sys.argv: ['/usr/bin/pro', 'security-status', '--format=json']", {}]
["2024-05-14T13:12:58.362", "DEBUG", "ubuntupro.files.files", "read", 60, "Tried to load /var/lib/ubuntu-advantage/machine-token.json but file does not exist", {}]
["2024-05-14T13:12:59.128", "DEBUG", "ubuntupro.system", "load_file", 517, "Reading file: /etc/os-release", {}]
["2024-05-14T13:12:59.185", "DEBUG", "ubuntupro.livepatch", "status", 126, "canonical-livepatch is not installed", {}]
["2024-05-14T13:12:59.195", "DEBUG", "ubuntupro.livepatch", "status", 126, "canonical-livepatch is not installed", {}]
["2024-05-14T13:12:59.195", "DEBUG", "ubuntupro.system", "load_file", 517, "Reading file: /proc/version_signature", {}]
["2024-05-14T13:12:59.209", "WARNING", "ubuntupro.system", "_get_kernel_build_date", 131, "Unable to parse build date from uname version", {}]
["2024-05-14T13:12:59.225", "WARNING", "ubuntupro.system", "_get_kernel_changelog_timestamp", 104, "Falling back to using timestamp of kernel changelog", {}]
["2024-05-21T14:51:10.727", "DEBUG", "ubuntupro.config", "parse_config", 625, "Using client configuration file at /etc/ubuntu-advantage/uaclient.conf", {}]
["2024-05-21T14:51:10.743", "DEBUG", "ubuntupro.system", "load_file", 517, "Reading file: /etc/ubuntu-advantage/uaclient.conf", {}]
["2024-05-21T14:51:10.746", "DEBUG", "ubuntupro.files.files", "read", 60, "Tried to load /var/lib/ubuntu-advantage/user-config.json but file does not exist", {}]
["2024-05-21T14:51:10.783", "DEBUG", "ubuntupro.http", "configure_web_proxy", 146, "Setting no_proxy: 169.254.169.254,[fd00:ec2::254],metadata", {}]
["2024-05-21T14:51:10.784", "DEBUG", "ubuntupro.http", "configure_web_proxy", 154, "Setting global proxy dict", {}]
["2024-05-21T14:51:10.784", "DEBUG", "ubuntupro.cli", "main", 1825, "Executed with sys.argv: ['/usr/bin/pro', 'security-status', '--format=json']", {}]
["2024-05-21T14:51:10.784", "DEBUG", "ubuntupro.files.files", "read", 60, "Tried to load /var/lib/ubuntu-advantage/machine-token.json but file does not exist", {}]
["2024-05-21T14:51:11.768", "DEBUG", "ubuntupro.system", "load_file", 517, "Reading file: /etc/os-release", {}]
["2024-05-21T14:51:11.797", "DEBUG", "ubuntupro.livepatch", "status", 126, "canonical-livepatch is not installed", {}]
["2024-05-21T14:51:11.799", "DEBUG", "ubuntupro.livepatch", "status", 126, "canonical-livepatch is not installed", {}]
["2024-05-21T14:51:11.799", "DEBUG", "ubuntupro.system", "load_file", 517, "Reading file: /proc/version_signature", {}]
["2024-05-21T14:51:11.834", "WARNING", "ubuntupro.system", "_get_kernel_build_date", 131, "Unable to parse build date from uname version", {}]
["2024-05-21T14:51:11.853", "WARNING", "ubuntupro.system", "_get_kernel_changelog_timestamp", 104, "Falling back to using timestamp of kernel changelog", {}]
["2024-06-04T13:02:07.805", "DEBUG", "ubuntupro.config", "parse_config", 625, "Using client configuration file at /etc/ubuntu-advantage/uaclient.conf", {}]
["2024-06-04T13:02:07.816", "DEBUG", "ubuntupro.system", "load_file", 517, "Reading file: /etc/ubuntu-advantage/uaclient.conf", {}]
["2024-06-04T13:02:07.819", "DEBUG", "ubuntupro.files.files", "read", 60, "Tried to load /var/lib/ubuntu-advantage/user-config.json but file does not exist", {}]
["2024-06-04T13:02:07.834", "DEBUG", "ubuntupro.http", "configure_web_proxy", 146, "Setting no_proxy: 169.254.169.254,[fd00:ec2::254],metadata", {}]
["2024-06-04T13:02:07.835", "DEBUG", "ubuntupro.http", "configure_web_proxy", 154, "Setting global proxy dict", {}]
["2024-06-04T13:02:07.835", "DEBUG", "ubuntupro.cli", "main", 1825, "Executed with sys.argv: ['/usr/bin/pro', 'security-status', '--format=json']", {}]
["2024-06-04T13:02:07.835", "DEBUG", "ubuntupro.files.files", "read", 60, "Tried to load /var/lib/ubuntu-advantage/machine-token.json but file does not exist", {}]
["2024-06-04T13:02:08.831", "DEBUG", "ubuntupro.system", "load_file", 517, "Reading file: /etc/os-release", {}]
["2024-06-04T13:02:08.903", "DEBUG", "ubuntupro.livepatch", "status", 126, "canonical-livepatch is not installed", {}]
["2024-06-04T13:02:08.903", "DEBUG", "ubuntupro.livepatch", "status", 126, "canonical-livepatch is not installed", {}]
["2024-06-04T13:02:08.904", "DEBUG", "ubuntupro.system", "load_file", 517, "Reading file: /proc/version_signature", {}]
["2024-06-04T13:02:08.910", "WARNING", "ubuntupro.system", "_get_kernel_build_date", 131, "Unable to parse build date from uname version", {}]
["2024-06-04T13:02:08.921", "WARNING", "ubuntupro.system", "_get_kernel_changelog_timestamp", 104, "Falling back to using timestamp of kernel changelog", {}]
["2024-06-18T14:13:56.240", "DEBUG", "ubuntupro.config", "parse_config", 625, "Using client configuration file at /etc/ubuntu-advantage/uaclient.conf", {}]
["2024-06-18T14:13:56.248", "DEBUG", "ubuntupro.system", "load_file", 517, "Reading file: /etc/ubuntu-advantage/uaclient.conf", {}]
["2024-06-18T14:13:56.250", "DEBUG", "ubuntupro.files.files", "read", 60, "Tried to load /var/lib/ubuntu-advantage/user-config.json but file does not exist", {}]
["2024-06-18T14:13:56.279", "DEBUG", "ubuntupro.http", "configure_web_proxy", 146, "Setting no_proxy: 169.254.169.254,[fd00:ec2::254],metadata", {}]
["2024-06-18T14:13:56.280", "DEBUG", "ubuntupro.http", "configure_web_proxy", 154, "Setting global proxy dict", {}]
["2024-06-18T14:13:56.280", "DEBUG", "ubuntupro.cli", "main", 1825, "Executed with sys.argv: ['/usr/bin/pro', 'security-status', '--format=json']", {}]
["2024-06-18T14:13:56.281", "DEBUG", "ubuntupro.files.files", "read", 60, "Tried to load /var/lib/ubuntu-advantage/machine-token.json but file does not exist", {}]
["2024-06-18T14:13:56.998", "DEBUG", "ubuntupro.system", "load_file", 517, "Reading file: /etc/os-release", {}]
["2024-06-18T14:13:57.029", "DEBUG", "ubuntupro.livepatch", "status", 126, "canonical-livepatch is not installed", {}]
["2024-06-18T14:13:57.030", "DEBUG", "ubuntupro.livepatch", "status", 126, "canonical-livepatch is not installed", {}]
["2024-06-18T14:13:57.030", "DEBUG", "ubuntupro.system", "load_file", 517, "Reading file: /proc/version_signature", {}]
["2024-06-18T14:13:57.039", "WARNING", "ubuntupro.system", "_get_kernel_build_date", 131, "Unable to parse build date from uname version", {}]
["2024-06-18T14:13:57.053", "WARNING", "ubuntupro.system", "_get_kernel_changelog_timestamp", 104, "Falling back to using timestamp of kernel changelog", {}]
["2024-07-09T13:10:13.577", "DEBUG", "ubuntupro.config", "parse_config", 625, "Using client configuration file at /etc/ubuntu-advantage/uaclient.conf", {}]
["2024-07-09T13:10:13.585", "DEBUG", "ubuntupro.system", "load_file", 517, "Reading file: /etc/ubuntu-advantage/uaclient.conf", {}]
["2024-07-09T13:10:13.588", "DEBUG", "ubuntupro.files.files", "read", 60, "Tried to load /var/lib/ubuntu-advantage/user-config.json but file does not exist", {}]
["2024-07-09T13:10:13.613", "DEBUG", "ubuntupro.http", "configure_web_proxy", 146, "Setting no_proxy: 169.254.169.254,[fd00:ec2::254],metadata", {}]
["2024-07-09T13:10:13.614", "DEBUG", "ubuntupro.http", "configure_web_proxy", 154, "Setting global proxy dict", {}]
["2024-07-09T13:10:13.614", "DEBUG", "ubuntupro.cli", "main", 1825, "Executed with sys.argv: ['/usr/bin/pro', 'security-status', '--format=json']", {}]
["2024-07-09T13:10:13.615", "DEBUG", "ubuntupro.files.files", "read", 60, "Tried to load /var/lib/ubuntu-advantage/machine-token.json but file does not exist", {}]
["2024-07-09T13:10:14.736", "DEBUG", "ubuntupro.system", "load_file", 517, "Reading file: /etc/os-release", {}]
["2024-07-09T13:10:14.793", "DEBUG", "ubuntupro.livepatch", "status", 126, "canonical-livepatch is not installed", {}]
["2024-07-09T13:10:14.800", "DEBUG", "ubuntupro.livepatch", "status", 126, "canonical-livepatch is not installed", {}]
["2024-07-09T13:10:14.801", "DEBUG", "ubuntupro.system", "load_file", 517, "Reading file: /proc/version_signature", {}]
["2024-07-09T13:10:14.842", "WARNING", "ubuntupro.system", "_get_kernel_build_date", 131, "Unable to parse build date from uname version", {}]
["2024-07-09T13:10:14.872", "WARNING", "ubuntupro.system", "_get_kernel_changelog_timestamp", 104, "Falling back to using timestamp of kernel changelog", {}]
["2024-07-16T15:06:05.117", "DEBUG", "ubuntupro.config", "parse_config", 625, "Using client configuration file at /etc/ubuntu-advantage/uaclient.conf", {}]
["2024-07-16T15:06:05.126", "DEBUG", "ubuntupro.system", "load_file", 517, "Reading file: /etc/ubuntu-advantage/uaclient.conf", {}]
["2024-07-16T15:06:05.129", "DEBUG", "ubuntupro.files.files", "read", 60, "Tried to load /var/lib/ubuntu-advantage/user-config.json but file does not exist", {}]
["2024-07-16T15:06:05.155", "DEBUG", "ubuntupro.http", "configure_web_proxy", 146, "Setting no_proxy: 169.254.169.254,[fd00:ec2::254],metadata", {}]
["2024-07-16T15:06:05.155", "DEBUG", "ubuntupro.http", "configure_web_proxy", 154, "Setting global proxy dict", {}]
["2024-07-16T15:06:05.156", "DEBUG", "ubuntupro.cli", "main", 1825, "Executed with sys.argv: ['/usr/bin/pro', 'security-status', '--format=json']", {}]
["2024-07-16T15:06:05.156", "DEBUG", "ubuntupro.files.files", "read", 60, "Tried to load /var/lib/ubuntu-advantage/machine-token.json but file does not exist", {}]
["2024-07-16T15:06:06.431", "DEBUG", "ubuntupro.system", "load_file", 517, "Reading file: /etc/os-release", {}]
["2024-07-16T15:06:06.494", "DEBUG", "ubuntupro.livepatch", "status", 126, "canonical-livepatch is not installed", {}]
["2024-07-16T15:06:06.497", "DEBUG", "ubuntupro.livepatch", "status", 126, "canonical-livepatch is not installed", {}]
["2024-07-16T15:06:06.498", "DEBUG", "ubuntupro.system", "load_file", 517, "Reading file: /proc/version_signature", {}]
["2024-07-16T15:06:06.536", "WARNING", "ubuntupro.system", "_get_kernel_build_date", 131, "Unable to parse build date from uname version", {}]
["2024-07-16T15:06:06.562", "WARNING", "ubuntupro.system", "_get_kernel_changelog_timestamp", 104, "Falling back to using timestamp of kernel changelog", {}]
["2024-09-01T13:57:32.008", "DEBUG", "ubuntupro.config", "parse_config", 625, "Using client configuration file at /etc/ubuntu-advantage/uaclient.conf", {}]
["2024-09-01T13:57:32.037", "DEBUG", "ubuntupro.system", "load_file", 517, "Reading file: /etc/ubuntu-advantage/uaclient.conf", {}]
["2024-09-01T13:57:32.040", "DEBUG", "ubuntupro.files.files", "read", 60, "Tried to load /var/lib/ubuntu-advantage/user-config.json but file does not exist", {}]
["2024-09-01T13:57:32.094", "DEBUG", "ubuntupro.http", "configure_web_proxy", 146, "Setting no_proxy: 169.254.169.254,[fd00:ec2::254],metadata", {}]
["2024-09-01T13:57:32.094", "DEBUG", "ubuntupro.http", "configure_web_proxy", 154, "Setting global proxy dict", {}]
["2024-09-01T13:57:32.094", "DEBUG", "ubuntupro.cli", "main", 1825, "Executed with sys.argv: ['/usr/bin/pro', 'security-status', '--format=json']", {}]
["2024-09-01T13:57:32.095", "DEBUG", "ubuntupro.files.files", "read", 60, "Tried to load /var/lib/ubuntu-advantage/machine-token.json but file does not exist", {}]
["2024-09-01T13:57:33.286", "DEBUG", "ubuntupro.system", "load_file", 517, "Reading file: /etc/os-release", {}]
["2024-09-01T13:57:33.308", "DEBUG", "ubuntupro.livepatch", "status", 126, "canonical-livepatch is not installed", {}]
["2024-09-01T13:57:33.308", "DEBUG", "ubuntupro.livepatch", "status", 126, "canonical-livepatch is not installed", {}]
["2024-09-01T13:57:33.309", "DEBUG", "ubuntupro.system", "load_file", 517, "Reading file: /proc/version_signature", {}]
["2024-09-01T13:57:33.315", "WARNING", "ubuntupro.system", "_get_kernel_build_date", 131, "Unable to parse build date from uname version", {}]
["2024-09-01T13:57:33.323", "WARNING", "ubuntupro.system", "_get_kernel_changelog_timestamp", 104, "Falling back to using timestamp of kernel changelog", {}]
["2024-10-08T09:10:03.044", "DEBUG", "ubuntupro.config", "parse_config", 625, "Using client configuration file at /etc/ubuntu-advantage/uaclient.conf", {}]
["2024-10-08T09:10:03.074", "DEBUG", "ubuntupro.system", "load_file", 517, "Reading file: /etc/ubuntu-advantage/uaclient.conf", {}]
["2024-10-08T09:10:03.082", "DEBUG", "ubuntupro.files.files", "read", 60, "Tried to load /var/lib/ubuntu-advantage/user-config.json but file does not exist", {}]
["2024-10-08T09:10:03.152", "DEBUG", "ubuntupro.http", "configure_web_proxy", 146, "Setting no_proxy: 169.254.169.254,[fd00:ec2::254],metadata", {}]
["2024-10-08T09:10:03.153", "DEBUG", "ubuntupro.http", "configure_web_proxy", 154, "Setting global proxy dict", {}]
["2024-10-08T09:10:03.153", "DEBUG", "ubuntupro.cli", "main", 1825, "Executed with sys.argv: ['/usr/bin/pro', 'security-status', '--format=json']", {}]
["2024-10-08T09:10:03.154", "DEBUG", "ubuntupro.files.files", "read", 60, "Tried to load /var/lib/ubuntu-advantage/machine-token.json but file does not exist", {}]
["2024-10-08T09:10:04.480", "DEBUG", "ubuntupro.system", "load_file", 517, "Reading file: /etc/os-release", {}]
["2024-10-08T09:10:04.506", "DEBUG", "ubuntupro.livepatch", "status", 126, "canonical-livepatch is not installed", {}]
["2024-10-08T09:10:04.507", "DEBUG", "ubuntupro.livepatch", "status", 126, "canonical-livepatch is not installed", {}]
["2024-10-08T09:10:04.508", "DEBUG", "ubuntupro.system", "load_file", 517, "Reading file: /proc/version_signature", {}]
["2024-10-08T09:10:04.514", "WARNING", "ubuntupro.system", "_get_kernel_build_date", 131, "Unable to parse build date from uname version", {}]
["2024-10-08T09:10:04.525", "WARNING", "ubuntupro.system", "_get_kernel_changelog_timestamp", 104, "Falling back to using timestamp of kernel changelog", {}]
["2024-10-15T09:14:48.084", "DEBUG", "ubuntupro.config", "parse_config", 625, "Using client configuration file at /etc/ubuntu-advantage/uaclient.conf", {}]
["2024-10-15T09:14:48.103", "DEBUG", "ubuntupro.system", "load_file", 517, "Reading file: /etc/ubuntu-advantage/uaclient.conf", {}]
["2024-10-15T09:14:48.107", "DEBUG", "ubuntupro.files.files", "read", 60, "Tried to load /var/lib/ubuntu-advantage/user-config.json but file does not exist", {}]
["2024-10-15T09:14:48.183", "DEBUG", "ubuntupro.http", "configure_web_proxy", 146, "Setting no_proxy: 169.254.169.254,[fd00:ec2::254],metadata", {}]
["2024-10-15T09:14:48.184", "DEBUG", "ubuntupro.http", "configure_web_proxy", 154, "Setting global proxy dict", {}]
["2024-10-15T09:14:48.185", "DEBUG", "ubuntupro.cli", "main", 1825, "Executed with sys.argv: ['/usr/bin/pro', 'security-status', '--format=json']", {}]
["2024-10-15T09:14:48.187", "DEBUG", "ubuntupro.files.files", "read", 60, "Tried to load /var/lib/ubuntu-advantage/machine-token.json but file does not exist", {}]
["2024-10-15T09:14:49.770", "DEBUG", "ubuntupro.system", "load_file", 517, "Reading file: /etc/os-release", {}]
["2024-10-15T09:14:49.833", "DEBUG", "ubuntupro.livepatch", "status", 126, "canonical-livepatch is not installed", {}]
["2024-10-15T09:14:49.834", "DEBUG", "ubuntupro.livepatch", "status", 126, "canonical-livepatch is not installed", {}]
["2024-10-15T09:14:49.835", "DEBUG", "ubuntupro.system", "load_file", 517, "Reading file: /proc/version_signature", {}]
["2024-10-15T09:14:49.846", "WARNING", "ubuntupro.system", "_get_kernel_build_date", 131, "Unable to parse build date from uname version", {}]
["2024-10-15T09:14:49.867", "WARNING", "ubuntupro.system", "_get_kernel_changelog_timestamp", 104, "Falling back to using timestamp of kernel changelog", {}]
["2024-10-22T09:59:00.867", "DEBUG", "ubuntupro.config", "parse_config", 625, "Using client configuration file at /etc/ubuntu-advantage/uaclient.conf", {}]
["2024-10-22T09:59:00.870", "DEBUG", "ubuntupro.system", "load_file", 517, "Reading file: /etc/ubuntu-advantage/uaclient.conf", {}]
["2024-10-22T09:59:00.871", "DEBUG", "ubuntupro.files.files", "read", 60, "Tried to load /var/lib/ubuntu-advantage/user-config.json but file does not exist", {}]
["2024-10-22T09:59:00.877", "DEBUG", "ubuntupro.http", "configure_web_proxy", 146, "Setting no_proxy: 169.254.169.254,[fd00:ec2::254],metadata", {}]
["2024-10-22T09:59:00.877", "DEBUG", "ubuntupro.http", "configure_web_proxy", 154, "Setting global proxy dict", {}]
["2024-10-22T09:59:00.877", "DEBUG", "ubuntupro.cli", "main", 1825, "Executed with sys.argv: ['/usr/bin/pro', 'security-status', '--format=json']", {}]
["2024-10-22T09:59:00.877", "DEBUG", "ubuntupro.files.files", "read", 60, "Tried to load /var/lib/ubuntu-advantage/machine-token.json but file does not exist", {}]
["2024-10-22T09:59:01.249", "DEBUG", "ubuntupro.system", "load_file", 517, "Reading file: /etc/os-release", {}]
["2024-10-22T09:59:01.259", "DEBUG", "ubuntupro.livepatch", "status", 126, "canonical-livepatch is not installed", {}]
["2024-10-22T09:59:01.259", "DEBUG", "ubuntupro.livepatch", "status", 126, "canonical-livepatch is not installed", {}]
["2024-10-22T09:59:01.260", "DEBUG", "ubuntupro.system", "load_file", 517, "Reading file: /proc/version_signature", {}]
["2024-10-22T09:59:01.261", "WARNING", "ubuntupro.system", "_get_kernel_build_date", 131, "Unable to parse build date from uname version", {}]
["2024-10-22T09:59:01.266", "WARNING", "ubuntupro.system", "_get_kernel_changelog_timestamp", 104, "Falling back to using timestamp of kernel changelog", {}]
["2024-10-29T10:18:46.100", "DEBUG", "ubuntupro.config", "parse_config", 625, "Using client configuration file at /etc/ubuntu-advantage/uaclient.conf", {}]
["2024-10-29T10:18:46.112", "DEBUG", "ubuntupro.system", "load_file", 517, "Reading file: /etc/ubuntu-advantage/uaclient.conf", {}]
["2024-10-29T10:18:46.113", "DEBUG", "ubuntupro.files.files", "read", 60, "Tried to load /var/lib/ubuntu-advantage/user-config.json but file does not exist", {}]
["2024-10-29T10:18:46.147", "DEBUG", "ubuntupro.http", "configure_web_proxy", 146, "Setting no_proxy: 169.254.169.254,[fd00:ec2::254],metadata", {}]
["2024-10-29T10:18:46.147", "DEBUG", "ubuntupro.http", "configure_web_proxy", 154, "Setting global proxy dict", {}]
["2024-10-29T10:18:46.147", "DEBUG", "ubuntupro.cli", "main", 1825, "Executed with sys.argv: ['/usr/bin/pro', 'security-status', '--format=json']", {}]
["2024-10-29T10:18:46.148", "DEBUG", "ubuntupro.files.files", "read", 60, "Tried to load /var/lib/ubuntu-advantage/machine-token.json but file does not exist", {}]
["2024-10-29T10:18:47.742", "DEBUG", "ubuntupro.system", "load_file", 517, "Reading file: /etc/os-release", {}]
["2024-10-29T10:18:47.829", "DEBUG", "ubuntupro.livepatch", "status", 126, "canonical-livepatch is not installed", {}]
["2024-10-29T10:18:47.832", "DEBUG", "ubuntupro.livepatch", "status", 126, "canonical-livepatch is not installed", {}]
["2024-10-29T10:18:47.834", "DEBUG", "ubuntupro.system", "load_file", 517, "Reading file: /proc/version_signature", {}]
["2024-10-29T10:18:47.846", "WARNING", "ubuntupro.system", "_get_kernel_build_date", 131, "Unable to parse build date from uname version", {}]
["2024-10-29T10:18:47.864", "WARNING", "ubuntupro.system", "_get_kernel_changelog_timestamp", 104, "Falling back to using timestamp of kernel changelog", {}]
["2024-11-19T09:21:35.202", "DEBUG", "ubuntupro.config", "parse_config", 625, "Using client configuration file at /etc/ubuntu-advantage/uaclient.conf", {}]
["2024-11-19T09:21:35.229", "DEBUG", "ubuntupro.system", "load_file", 517, "Reading file: /etc/ubuntu-advantage/uaclient.conf", {}]
["2024-11-19T09:21:35.232", "DEBUG", "ubuntupro.files.files", "read", 60, "Tried to load /var/lib/ubuntu-advantage/user-config.json but file does not exist", {}]
["2024-11-19T09:21:35.308", "DEBUG", "ubuntupro.http", "configure_web_proxy", 146, "Setting no_proxy: 169.254.169.254,[fd00:ec2::254],metadata", {}]
["2024-11-19T09:21:35.308", "DEBUG", "ubuntupro.http", "configure_web_proxy", 154, "Setting global proxy dict", {}]
["2024-11-19T09:21:35.309", "DEBUG", "ubuntupro.cli", "main", 1825, "Executed with sys.argv: ['/usr/bin/pro', 'security-status', '--format=json']", {}]
["2024-11-19T09:21:35.309", "DEBUG", "ubuntupro.files.files", "read", 60, "Tried to load /var/lib/ubuntu-advantage/machine-token.json but file does not exist", {}]
["2024-11-19T09:21:36.468", "DEBUG", "ubuntupro.system", "load_file", 517, "Reading file: /etc/os-release", {}]
["2024-11-19T09:21:36.682", "DEBUG", "ubuntupro.livepatch", "status", 126, "canonical-livepatch is not installed", {}]
["2024-11-19T09:21:36.685", "DEBUG", "ubuntupro.livepatch", "status", 126, "canonical-livepatch is not installed", {}]
["2024-11-19T09:21:36.685", "DEBUG", "ubuntupro.system", "load_file", 517, "Reading file: /proc/version_signature", {}]
["2024-11-19T09:21:36.709", "WARNING", "ubuntupro.system", "_get_kernel_build_date", 131, "Unable to parse build date from uname version", {}]
["2024-11-19T09:21:36.733", "WARNING", "ubuntupro.system", "_get_kernel_changelog_timestamp", 104, "Falling back to using timestamp of kernel changelog", {}]
